                                                    Утверждена Приказом ФНС РФ
                                                  от 17.11.2010 N ММВ-7-3/611@
                                                                  Форма 2-НДФЛ
                                                      Код формы по КНД 1151078
                                                                     признак 1
СПРАВКА О ДОХОДАХ ФИЗИЧЕСКОГО ЛИЦА за 2011 год N 65 от 21.04.2011  в ИФНС 4252

1.   ДАННЫЕ О НАЛОГОВОМ АГЕНТЕ
1.1. ИНН/КПП организации   4228010860/422801001
1.2. Наименование организации ООО Темирская производственная компания      

1.3. Код ОКАТО  32227565000                       1.4. Телефон  (38473)63-396
2.   ДАННЫЕ О ФИЗИЧЕСКОМ ЛИЦЕ - получателе дохода
2.1. ИНН 422801209001
2.2. Фамилия, Имя, Отчество                                               ТБН 
     Радостев Максим Леонидович                                           0310
2.3. Статус 1    2.4. Дата рождения 24.08.1981 г.    2.5. Гражданство(код) 643
2.6. Код док-та, удост. личность - 21  2.7. Серия, N документа 32 01  074753  
2.8. Адрес постоянного места жительства в Российской Федерации:
     Почтовый индекс 652920 Код региона 42  Район Таштагольский р-н         
     Город ТЕМИРТАУ ПГТ                            
     Улица Чехова ул                               
     Дом 7      Корпус    Квартира      

3. ДОХОДЫ, ОБЛАГАЕМЫЕ НАЛОГОМ ПО СТАВКЕ  13 % 
┌────┬──────┬──────────┬─────┬────────┐ ┌────┬──────┬──────────┬─────┬────────┐
│ Ме │ Код  │    Сумма │ Код │ Сумма  │ │ Ме │ Код  │    Сумма │ Код │ Сумма  │
│ сяц│дохода│    дохода│вычет│ вычета │ │ сяц│дохода│    дохода│вычет│ вычета │
├────┼──────┼──────────┼─────┼────────┤ ├────┼──────┼──────────┼─────┼────────┤
│ 01 │ 2000 │  11479.57│     │        │ │ 02 │ 2000 │  16932.32│     │        │
│ 01 │ 2012 │    382.93│     │        │ │ 03 │ 2000 │  13489.89│     │        │
└────┴──────┴──────────┴─────┴────────┘ └────┴──────┴──────────┴─────┴────────┘
4. Стандартные, социальные и имущественные налоговые вычеты:
4.1. Суммы предоставленных налогоплательщику налоговых вычетов
  Код Сумма вычета   Код Сумма вычета   Код Сумма вычета   Код Сумма вычета
  103       800.00    108      3000.00                                        

 5. Общие суммы дохода и налога по итогам налогового периода:
┌────────────────────────────────────────────────────────────────┬────────────┐
│5.1. Общая сумма дохода                                         │   42284.71 │
├────────────────────────────────────────────────────────────────┼────────────┤
│5.2. Налоговая база                                             │   38484.71 │
├────────────────────────────────────────────────────────────────┼────────────┤
│5.3. Сумма налога исчисленная                                   │    5003    │
├────────────────────────────────────────────────────────────────┼────────────┤
│5.4. Сумма налога удержанная                                    │    5003    │
├────────────────────────────────────────────────────────────────┼────────────┤
│5.5. Сумма налога перечисленная*                                │    5003    │
├────────────────────────────────────────────────────────────────┼────────────┤
│5.6. Сумма налога, излишне удержанная налоговым агентом         │            │
├────────────────────────────────────────────────────────────────┼────────────┤
│5.7. Сумма налога, не удержанная налоговым агентом              │            │
└────────────────────────────────────────────────────────────────┴────────────┘
* Настоящий пункт заполняется в отношении сумм налога начиная с 2011 года

Налоговый агент   Генеральный директор".".  ______________  /Квасов О.М./
     М.П.             (должность)          (подпись)          (Ф.И.О.)
