                                                 Утверждена Приказом ФНС РФ
                                                 от 13.10.2006 N САЭ-3-04/706@
                                                                  Форма 2-НДФЛ
СПРАВКА О ДОХОДАХ ФИЗИЧЕСКОГО ЛИЦА за 2010 год N  1 от 25.12.2010 в ИФНС N 2920

1.   ДАННЫЕ О НАЛОГОВОМ АГЕНТЕ
1.1. ИНН/КПП организации   2920011293/292001001
1.2. Наименование организации ООО"Савинскжилсервис"                        

1.3. Код ОКАТО  11250580000                       1.4. Телефон               
2.   ДАННЫЕ О ФИЗИЧЕСКОМ ЛИЦЕ - получателе дохода
2.1. ИНН 292000905221
2.2. Фамилия, Имя, Отчество                                               ТБН 
     Горин Михаил Николаевич                                              0101
2.3. Статус 1    2.4. Дата рождения 04.10.1958 г.    2.5. Гражданство(код) 643
2.6. Код док-та, удост. личность - 21  2.7. Серия, N документа 11 04  267297  
2.8. Адрес постоянного места жительства в Российской Федерации:
     Почтовый индекс 164288 Код региона 29  Район Плесецкий р-н              
     Населенный пункт Савинский рп                            
     Улица Октябрьская ул                          
     Дом 12     Корпус    Квартира 8    

3. ДОХОДЫ, ОБЛАГАЕМЫЕ НАЛОГОМ ПО СТАВКЕ  13 % 

┌────┬──────┬──────────┬─────┬────────┐ ┌────┬──────┬──────────┬─────┬────────┐
│ Ме │ Код  │    Сумма │ Код │ Сумма  │ │ Ме │ Код  │    Сумма │ Код │ Сумма  │
│ сяц│дохода│    дохода│вычет│ вычета │ │ сяц│дохода│    дохода│вычет│ вычета │
├────┼──────┼──────────┼─────┼────────┤ ├────┼──────┼──────────┼─────┼────────┤
│ 01 │ 2000 │  53540.00│     │        │ │ 08 │ 2000 │  53277.84│     │        │
│ 02 │ 2000 │  53540.00│     │        │ │ 08 │ 2012 │  24689.49│     │        │
│ 03 │ 2000 │  54214.63│     │        │ │ 09 │ 2000 │  42782.46│     │        │
│ 04 │ 2000 │  54253.33│     │        │ │ 10 │ 2000 │  59596.96│     │        │
│ 05 │ 2000 │  53540.00│     │        │ │ 11 │ 2000 │  59635.99│     │        │
│ 06 │ 2000 │ 109041.36│     │        │ │ 12 │ 2000 │  58344.00│     │        │
│ 07 │ 2000 │  58900.07│     │        │ │    │      │          │     │        │
└────┴──────┴──────────┴─────┴────────┘ └────┴──────┴──────────┴─────┴────────┘

4. Стандартные, социальные и имущественные налоговые вычеты:
4.1. Суммы предоставленных налогоплательщику налоговых вычетов
  Код Сумма вычета   Код Сумма вычета   Код Сумма вычета   Код Сумма вычета
  108      5000.00                                                            

 5. Общие суммы дохода и налога по итогам налогового периода:
┌────────────────────────────────────────────────────────────────┬────────────┐
│5.1. Общая сумма дохода                                         │  735356.13 │
├────────────────────────────────────────────────────────────────┼────────────┤
│5.2. Облагаемая сумма дохода                                    │  730356.13 │
├────────────────────────────────────────────────────────────────┼────────────┤
│5.3. Сумма налога исчисленная                                   │   94946    │
├────────────────────────────────────────────────────────────────┼────────────┤
│5.4. Сумма налога удержанная                                    │   94946    │
├────────────────────────────────────────────────────────────────┼────────────┤
│5.5. Сумма налога перечисленная                                 │            │
├────────────────────────────────────────────────────────────────┼────────────┤
│5.6. Сумма налога, излишне удержанная налоговым агентом         │            │
├────────────────────────────────────────────────────────────────┼────────────┤
│5.7. Сумма налога, не удержанная налоговым агентом              │            │
└────────────────────────────────────────────────────────────────┴────────────┘

Налоговый агент   Бухгалтер             ______________  /Ветошкова А.С.      /
     М.П.             (должность)          (подпись)          (Ф.И.О.)
